Grammar

    0 $accept: lines $end

    1 lines: expr '\n'
    2      | lines '\n'

    3 expr: expr '+' expr
    4     | expr '-' expr
    5     | expr '*' expr
    6     | expr '/' expr
    7     | '(' expr ')'
    8     | '-' expr
    9     | NUMBER


Terminals, with rules where they appear

$end (0) 0
'\n' (10) 1 2
'(' (40) 7
')' (41) 7
'*' (42) 5
'+' (43) 3
'-' (45) 4 8
'/' (47) 6
error (256)
NUMBER (258) 9
UMINUS (259)


Nonterminals, with rules where they appear

$accept (12)
    on left: 0
lines (13)
    on left: 1 2, on right: 0 2
expr (14)
    on left: 3 4 5 6 7 8 9, on right: 1 3 4 5 6 7 8


State 0

    0 $accept: . lines $end

    NUMBER  shift, and go to state 1
    '-'     shift, and go to state 2
    '('     shift, and go to state 3

    lines  go to state 4
    expr   go to state 5


State 1

    9 expr: NUMBER .

    $default  reduce using rule 9 (expr)


State 2

    8 expr: '-' . expr

    NUMBER  shift, and go to state 1
    '-'     shift, and go to state 2
    '('     shift, and go to state 3

    expr  go to state 6


State 3

    7 expr: '(' . expr ')'

    NUMBER  shift, and go to state 1
    '-'     shift, and go to state 2
    '('     shift, and go to state 3

    expr  go to state 7


State 4

    0 $accept: lines . $end
    2 lines: lines . '\n'

    $end  shift, and go to state 8
    '\n'  shift, and go to state 9


State 5

    1 lines: expr . '\n'
    3 expr: expr . '+' expr
    4     | expr . '-' expr
    5     | expr . '*' expr
    6     | expr . '/' expr

    '+'   shift, and go to state 10
    '-'   shift, and go to state 11
    '*'   shift, and go to state 12
    '/'   shift, and go to state 13
    '\n'  shift, and go to state 14


State 6

    3 expr: expr . '+' expr
    4     | expr . '-' expr
    5     | expr . '*' expr
    6     | expr . '/' expr
    8     | '-' expr .

    $default  reduce using rule 8 (expr)


State 7

    3 expr: expr . '+' expr
    4     | expr . '-' expr
    5     | expr . '*' expr
    6     | expr . '/' expr
    7     | '(' expr . ')'

    '+'  shift, and go to state 10
    '-'  shift, and go to state 11
    '*'  shift, and go to state 12
    '/'  shift, and go to state 13
    ')'  shift, and go to state 15


State 8

    0 $accept: lines $end .

    $default  accept


State 9

    2 lines: lines '\n' .

    $default  reduce using rule 2 (lines)


State 10

    3 expr: expr '+' . expr

    NUMBER  shift, and go to state 1
    '-'     shift, and go to state 2
    '('     shift, and go to state 3

    expr  go to state 16


State 11

    4 expr: expr '-' . expr

    NUMBER  shift, and go to state 1
    '-'     shift, and go to state 2
    '('     shift, and go to state 3

    expr  go to state 17


State 12

    5 expr: expr '*' . expr

    NUMBER  shift, and go to state 1
    '-'     shift, and go to state 2
    '('     shift, and go to state 3

    expr  go to state 18


State 13

    6 expr: expr '/' . expr

    NUMBER  shift, and go to state 1
    '-'     shift, and go to state 2
    '('     shift, and go to state 3

    expr  go to state 19


State 14

    1 lines: expr '\n' .

    $default  reduce using rule 1 (lines)


State 15

    7 expr: '(' expr ')' .

    $default  reduce using rule 7 (expr)


State 16

    3 expr: expr . '+' expr
    3     | expr '+' expr .
    4     | expr . '-' expr
    5     | expr . '*' expr
    6     | expr . '/' expr

    '*'  shift, and go to state 12
    '/'  shift, and go to state 13

    $default  reduce using rule 3 (expr)


State 17

    3 expr: expr . '+' expr
    4     | expr . '-' expr
    4     | expr '-' expr .
    5     | expr . '*' expr
    6     | expr . '/' expr

    '*'  shift, and go to state 12
    '/'  shift, and go to state 13

    $default  reduce using rule 4 (expr)


State 18

    3 expr: expr . '+' expr
    4     | expr . '-' expr
    5     | expr . '*' expr
    5     | expr '*' expr .
    6     | expr . '/' expr

    $default  reduce using rule 5 (expr)


State 19

    3 expr: expr . '+' expr
    4     | expr . '-' expr
    5     | expr . '*' expr
    6     | expr . '/' expr
    6     | expr '/' expr .

    $default  reduce using rule 6 (expr)
